{
  "RSpec": {
    "coverage": {
      "/Users/kakulgupta/Desktop/RUBY/Finance/lib/Wealth.rb": [
        1
      ],
      "/Users/kakulgupta/Desktop/RUBY/Finance/lib/Wealth/money.rb": [
        null,
        1,
        1,
        1,
        1,
        52,
        null,
        null,
        1,
        6,
        null,
        null,
        1,
        null,
        4,
        null,
        null,
        1,
        12,
        10,
        null,
        null,
        1,
        0,
        null,
        1,
        4,
        null,
        null,
        1,
        6,
        null,
        null,
        1,
        1,
        null,
        null,
        null,
        null,
        1
      ]
    },
    "timestamp": 1422861302
  }
}
